#
# A fatal error has been detected by the Java Runtime Environment:
#
#  SIGFPE (0x8) at pc=0x000000010e7d2688, pid=1037, tid=0x00000000000094cf
#
# JRE version: OpenJDK Runtime Environment (8.0_275-b01) (build 1.8.0_275-b01)
# Java VM: OpenJDK 64-Bit Server VM (25.275-b01 mixed mode bsd-amd64 compressed oops)
# Problematic frame:
# j  fullSearch.Carpet.solution()V+26
#
# Failed to write core dump. Core dumps have been disabled. To enable core dumping, try "ulimit -c unlimited" before starting Java again
#
# If you would like to submit a bug report, please include
# instructions on how to reproduce the bug and visit:
#   http://bugreport.java.com/bugreport/crash.jsp
#

---------------  T H R E A D  ---------------

Current thread (0x00007fe994add800):  JavaThread "Test worker" [_thread_in_Java, id=38095, stack(0x0000000307089000,0x0000000307189000)]

siginfo: si_signo: 8 (SIGFPE), si_code: 5 (FPE_FLTINV), si_addr: 0x000000010e7d2688

Registers:
RAX=0x000000000000000c, RBX=0x0000000000000070, RCX=0x0000000000000000, RDX=0x0000000000000000
RSP=0x0000000307185070, RBP=0x00000003071850b0, RSI=0x0000000000000015, RDI=0x0000000000000000
R8 =0x00007fe99447b8c0, R9 =0x000000010d73f8d0, R10=0x000000010d74ac30, R11=0x00007fe995011e40
R12=0x0000000000000000, R13=0x000000011f1a437a, R14=0x00000003071850e8, R15=0x00007fe994add800
RIP=0x000000010e7d2688, EFLAGS=0x0000000000000a87, ERR=0x0000000000000000
  TRAPNO=0x0000000000000000

Top of Stack: (sp=0x0000000307185070)
0x0000000307185070:   0000000307185070 000000011f1a437a
0x0000000307185080:   00000003071850e8 0000000121bddc40
0x0000000307185090:   0000000000000000 000000011f1a4420
0x00000003071850a0:   0000000000000000 00000003071850e8
0x00000003071850b0:   0000000307185150 000000010e7ad4e7
0x00000003071850c0:   0000000000000000 00000007b74cd128
0x00000003071850d0:   000000000000000c 0000000000000002
0x00000003071850e0:   000000000000000a 00000007b741d6f8
0x00000003071850f0:   0000000000001fa0 000000000000000e
0x0000000307185100:   00007fe994add800 0000000307185428
0x0000000307185110:   000000011f1a4420 00007fe994add800
0x0000000307185120:   00000003071851f0 0000000307185338
0x0000000307185130:   00007fe90000000a 000000011f1a4420
0x0000000307185140:   000000010e7c6200 0000000307185430
0x0000000307185150:   00000003071852c0 000000010d2dd6b9
0x0000000307185160:   0000000300000001 00007fe994add800
0x0000000307185170:   0000000307185338 0000000a94470460
0x0000000307185180:   000000010e7c6200 000000010e7ad45f
0x0000000307185190:   00007fe994add800 0000000307185428
0x00000003071851a0:   0000000307185330 00007fe994add800
0x00000003071851b0:   00007fe994470420 00007fe9944707c0
0x00000003071851c0:   00007fe994470838 00007fe9944708a8
0x00000003071851d0:   00000000000000d8 0000000307187758
0x00000003071851e0:   000000011f1a4420 00007fe994add800
0x00000003071851f0:   00007fe994add800 00007fe994539670
0x0000000307185200:   000000011f1a4420 00000007b741d6f8
0x0000000307185210:   00000003071855e0 000000010e7cd21c
0x0000000307185220:   0000000307185638 0000000307185330
0x0000000307185230:   000000011edd5ae8 00007fe994470460
0x0000000307185240:   000000011f1a4420 00007fe994add800
0x0000000307185250:   00000003071852d0 000000010d3d7014
0x0000000307185260:   00000003071852c0 000000010d2a6cd2 

Instructions: (pc=0x000000010e7d2688)
0x000000010e7d2668:   c8 8b 04 24 48 83 c4 08 81 f8 00 00 00 80 0f 85
0x000000010e7d2678:   0b 00 00 00 33 d2 83 f9 ff 0f 84 03 00 00 00 99
0x000000010e7d2688:   f7 f9 8b c2 41 0f b6 5d 01 49 ff c5 49 ba 30 34
0x000000010e7d2698:   74 0d 01 00 00 00 41 ff 24 da 66 0f 1f 44 00 00 

Register to memory mapping:

RAX=0x000000000000000c is an unknown value
RBX=0x0000000000000070 is an unknown value
RCX=0x0000000000000000 is an unknown value
RDX=0x0000000000000000 is an unknown value
RSP=0x0000000307185070 is pointing into the stack for thread: 0x00007fe994add800
RBP=0x00000003071850b0 is pointing into the stack for thread: 0x00007fe994add800
RSI=0x0000000000000015 is an unknown value
RDI=0x0000000000000000 is an unknown value
R8 =0x00007fe99447b8c0 is an unknown value
R9 =0x000000010d73f8d0: _ZN2os16_processor_countE+0 in /Users/gimmingyun/Library/Java/JavaVirtualMachines/corretto-1.8.0_275/Contents/Home/jre/lib/server/libjvm.dylib at 0x000000010d000000
R10=0x000000010d74ac30: _ZN19TemplateInterpreter13_normal_tableE+0x4800 in /Users/gimmingyun/Library/Java/JavaVirtualMachines/corretto-1.8.0_275/Contents/Home/jre/lib/server/libjvm.dylib at 0x000000010d000000
R11=0x00007fe995011e40 is an unknown value
R12=0x0000000000000000 is an unknown value
R13=0x000000011f1a437a is pointing into metadata
R14=0x00000003071850e8 is pointing into the stack for thread: 0x00007fe994add800
R15=0x00007fe994add800 is a thread


Stack: [0x0000000307089000,0x0000000307189000],  sp=0x0000000307185070,  free space=1008k
Native frames: (J=compiled Java code, j=interpreted, Vv=VM code, C=native code)
j  fullSearch.Carpet.solution()V+26
v  ~StubRoutines::call_stub
V  [libjvm.dylib+0x2dd6b9]  JavaCalls::call_helper(JavaValue*, methodHandle*, JavaCallArguments*, Thread*)+0x5f1
V  [libjvm.dylib+0x4edbf6]  Reflection::invoke(instanceKlassHandle, methodHandle, Handle, bool, objArrayHandle, BasicType, objArrayHandle, bool, Thread*)+0x9f0
V  [libjvm.dylib+0x4ee4ac]  Reflection::invoke_method(oopDesc*, Handle, objArrayHandle, Thread*)+0x150
V  [libjvm.dylib+0x353b62]  JVM_InvokeMethod+0x1ed
j  sun.reflect.NativeMethodAccessorImpl.invoke0(Ljava/lang/reflect/Method;Ljava/lang/Object;[Ljava/lang/Object;)Ljava/lang/Object;+0
j  sun.reflect.NativeMethodAccessorImpl.invoke(Ljava/lang/Object;[Ljava/lang/Object;)Ljava/lang/Object;+100
j  sun.reflect.DelegatingMethodAccessorImpl.invoke(Ljava/lang/Object;[Ljava/lang/Object;)Ljava/lang/Object;+6
j  java.lang.reflect.Method.invoke(Ljava/lang/Object;[Ljava/lang/Object;)Ljava/lang/Object;+56
j  org.junit.platform.commons.util.ReflectionUtils.invokeMethod(Ljava/lang/reflect/Method;Ljava/lang/Object;[Ljava/lang/Object;)Ljava/lang/Object;+41
j  org.junit.jupiter.engine.execution.MethodInvocation.proceed()Ljava/lang/Object;+16
j  org.junit.jupiter.engine.execution.InvocationInterceptorChain$ValidatingInvocation.proceed()Ljava/lang/Object;+8
j  org.junit.jupiter.engine.extension.TimeoutExtension.intercept(Lorg/junit/jupiter/api/extension/InvocationInterceptor$Invocation;Lorg/junit/jupiter/api/extension/ReflectiveInvocationContext;Lorg/junit/jupiter/api/extension/ExtensionContext;Lorg/junit/jupiter/engine/extension/TimeoutDuration;Lorg/junit/jupiter/engine/extension/TimeoutExtension$TimeoutProvider;)Ljava/lang/Object;+28
j  org.junit.jupiter.engine.extension.TimeoutExtension.interceptTestableMethod(Lorg/junit/jupiter/api/extension/InvocationInterceptor$Invocation;Lorg/junit/jupiter/api/extension/ReflectiveInvocationContext;Lorg/junit/jupiter/api/extension/ExtensionContext;Lorg/junit/jupiter/engine/extension/TimeoutExtension$TimeoutProvider;)Ljava/lang/Object;+31
j  org.junit.jupiter.engine.extension.TimeoutExtension.interceptTestMethod(Lorg/junit/jupiter/api/extension/InvocationInterceptor$Invocation;Lorg/junit/jupiter/api/extension/ReflectiveInvocationContext;Lorg/junit/jupiter/api/extension/ExtensionContext;)V+9
j  org.junit.jupiter.engine.descriptor.TestMethodTestDescriptor$$Lambda$107.apply(Lorg/junit/jupiter/api/extension/InvocationInterceptor;Lorg/junit/jupiter/api/extension/InvocationInterceptor$Invocation;Lorg/junit/jupiter/api/extension/ReflectiveInvocationContext;Lorg/junit/jupiter/api/extension/ExtensionContext;)V+5
j  org.junit.jupiter.engine.execution.ExecutableInvoker$ReflectiveInterceptorCall.lambda$ofVoidMethod$0(Lorg/junit/jupiter/engine/execution/ExecutableInvoker$ReflectiveInterceptorCall$VoidMethodInterceptorCall;Lorg/junit/jupiter/api/extension/InvocationInterceptor;Lorg/junit/jupiter/api/extension/InvocationInterceptor$Invocation;Lorg/junit/jupiter/api/extension/ReflectiveInvocationContext;Lorg/junit/jupiter/api/extension/ExtensionContext;)Ljava/lang/Void;+6
j  org.junit.jupiter.engine.execution.ExecutableInvoker$ReflectiveInterceptorCall$$Lambda$108.apply(Lorg/junit/jupiter/api/extension/InvocationInterceptor;Lorg/junit/jupiter/api/extension/InvocationInterceptor$Invocation;Lorg/junit/jupiter/api/extension/ReflectiveInvocationContext;Lorg/junit/jupiter/api/extension/ExtensionContext;)Ljava/lang/Object;+9
j  org.junit.jupiter.engine.execution.ExecutableInvoker.lambda$invoke$0(Lorg/junit/jupiter/engine/execution/ExecutableInvoker$ReflectiveInterceptorCall;Lorg/junit/jupiter/api/extension/ReflectiveInvocationContext;Lorg/junit/jupiter/api/extension/ExtensionContext;Lorg/junit/jupiter/api/extension/InvocationInterceptor;Lorg/junit/jupiter/api/extension/InvocationInterceptor$Invocation;)Ljava/lang/Object;+6
j  org.junit.jupiter.engine.execution.ExecutableInvoker$$Lambda$239.apply(Lorg/junit/jupiter/api/extension/InvocationInterceptor;Lorg/junit/jupiter/api/extension/InvocationInterceptor$Invocation;)Ljava/lang/Object;+14
j  org.junit.jupiter.engine.execution.InvocationInterceptorChain$InterceptedInvocation.proceed()Ljava/lang/Object;+12
j  org.junit.jupiter.engine.execution.InvocationInterceptorChain.proceed(Lorg/junit/jupiter/api/extension/InvocationInterceptor$Invocation;)Ljava/lang/Object;+1
j  org.junit.jupiter.engine.execution.InvocationInterceptorChain.chainAndInvoke(Lorg/junit/jupiter/api/extension/InvocationInterceptor$Invocation;Lorg/junit/jupiter/engine/execution/InvocationInterceptorChain$InterceptorCall;Ljava/util/List;)Ljava/lang/Object;+24
j  org.junit.jupiter.engine.execution.InvocationInterceptorChain.invoke(Lorg/junit/jupiter/api/extension/InvocationInterceptor$Invocation;Lorg/junit/jupiter/engine/extension/ExtensionRegistry;Lorg/junit/jupiter/engine/execution/InvocationInterceptorChain$InterceptorCall;)Ljava/lang/Object;+31
j  org.junit.jupiter.engine.execution.ExecutableInvoker.invoke(Lorg/junit/jupiter/api/extension/InvocationInterceptor$Invocation;Lorg/junit/jupiter/api/extension/ReflectiveInvocationContext;Lorg/junit/jupiter/api/extension/ExtensionContext;Lorg/junit/jupiter/engine/extension/ExtensionRegistry;Lorg/junit/jupiter/engine/execution/ExecutableInvoker$ReflectiveInterceptorCall;)Ljava/lang/Object;+15
j  org.junit.jupiter.engine.execution.ExecutableInvoker.invoke(Ljava/lang/reflect/Method;Ljava/lang/Object;Lorg/junit/jupiter/api/extension/ExtensionContext;Lorg/junit/jupiter/engine/extension/ExtensionRegistry;Lorg/junit/jupiter/engine/execution/ExecutableInvoker$ReflectiveInterceptorCall;)Ljava/lang/Object;+56
j  org.junit.jupiter.engine.descriptor.TestMethodTestDescriptor.lambda$invokeTestMethod$6(Lorg/junit/jupiter/api/extension/ExtensionContext;Lorg/junit/jupiter/engine/execution/JupiterEngineExecutionContext;)V+28
j  org.junit.jupiter.engine.descriptor.TestMethodTestDescriptor$$Lambda$250.execute()V+12
j  org.junit.platform.engine.support.hierarchical.ThrowableCollector.execute(Lorg/junit/platform/engine/support/hierarchical/ThrowableCollector$Executable;)V+1
j  org.junit.jupiter.engine.descriptor.TestMethodTestDescriptor.invokeTestMethod(Lorg/junit/jupiter/engine/execution/JupiterEngineExecutionContext;Lorg/junit/platform/engine/support/hierarchical/Node$DynamicTestExecutor;)V+21
j  org.junit.jupiter.engine.descriptor.TestMethodTestDescriptor.execute(Lorg/junit/jupiter/engine/execution/JupiterEngineExecutionContext;Lorg/junit/platform/engine/support/hierarchical/Node$DynamicTestExecutor;)Lorg/junit/jupiter/engine/execution/JupiterEngineExecutionContext;+44
j  org.junit.jupiter.engine.descriptor.TestMethodTestDescriptor.execute(Lorg/junit/platform/engine/support/hierarchical/EngineExecutionContext;Lorg/junit/platform/engine/support/hierarchical/Node$DynamicTestExecutor;)Lorg/junit/platform/engine/support/hierarchical/EngineExecutionContext;+6
j  org.junit.platform.engine.support.hierarchical.NodeTestTask.lambda$executeRecursively$5()V+79
j  org.junit.platform.engine.support.hierarchical.NodeTestTask$$Lambda$182.execute()V+4
j  org.junit.platform.engine.support.hierarchical.ThrowableCollector.execute(Lorg/junit/platform/engine/support/hierarchical/ThrowableCollector$Executable;)V+1
j  org.junit.platform.engine.support.hierarchical.NodeTestTask.lambda$executeRecursively$7(Lorg/junit/platform/engine/support/hierarchical/EngineExecutionContext;)V+15
j  org.junit.platform.engine.support.hierarchical.NodeTestTask$$Lambda$181.invoke(Lorg/junit/platform/engine/support/hierarchical/EngineExecutionContext;)V+5
j  org.junit.platform.engine.support.hierarchical.Node.around(Lorg/junit/platform/engine/support/hierarchical/EngineExecutionContext;Lorg/junit/platform/engine/support/hierarchical/Node$Invocation;)V+2
j  org.junit.platform.engine.support.hierarchical.NodeTestTask.lambda$executeRecursively$8()V+14
j  org.junit.platform.engine.support.hierarchical.NodeTestTask$$Lambda$180.execute()V+4
j  org.junit.platform.engine.support.hierarchical.ThrowableCollector.execute(Lorg/junit/platform/engine/support/hierarchical/ThrowableCollector$Executable;)V+1
j  org.junit.platform.engine.support.hierarchical.NodeTestTask.executeRecursively()V+31
j  org.junit.platform.engine.support.hierarchical.NodeTestTask.execute()V+55
j  org.junit.platform.engine.support.hierarchical.SameThreadHierarchicalTestExecutorService$$Lambda$186.accept(Ljava/lang/Object;)V+4
j  java.util.ArrayList.forEach(Ljava/util/function/Consumer;)V+47
j  org.junit.platform.engine.support.hierarchical.SameThreadHierarchicalTestExecutorService.invokeAll(Ljava/util/List;)V+6
j  org.junit.platform.engine.support.hierarchical.NodeTestTask.lambda$executeRecursively$5()V+116
j  org.junit.platform.engine.support.hierarchical.NodeTestTask$$Lambda$182.execute()V+4
j  org.junit.platform.engine.support.hierarchical.ThrowableCollector.execute(Lorg/junit/platform/engine/support/hierarchical/ThrowableCollector$Executable;)V+1
j  org.junit.platform.engine.support.hierarchical.NodeTestTask.lambda$executeRecursively$7(Lorg/junit/platform/engine/support/hierarchical/EngineExecutionContext;)V+15
j  org.junit.platform.engine.support.hierarchical.NodeTestTask$$Lambda$181.invoke(Lorg/junit/platform/engine/support/hierarchical/EngineExecutionContext;)V+5
j  org.junit.platform.engine.support.hierarchical.Node.around(Lorg/junit/platform/engine/support/hierarchical/EngineExecutionContext;Lorg/junit/platform/engine/support/hierarchical/Node$Invocation;)V+2
j  org.junit.platform.engine.support.hierarchical.NodeTestTask.lambda$executeRecursively$8()V+14
j  org.junit.platform.engine.support.hierarchical.NodeTestTask$$Lambda$180.execute()V+4
j  org.junit.platform.engine.support.hierarchical.ThrowableCollector.execute(Lorg/junit/platform/engine/support/hierarchical/ThrowableCollector$Executable;)V+1
j  org.junit.platform.engine.support.hierarchical.NodeTestTask.executeRecursively()V+31
j  org.junit.platform.engine.support.hierarchical.NodeTestTask.execute()V+55
j  org.junit.platform.engine.support.hierarchical.SameThreadHierarchicalTestExecutorService$$Lambda$186.accept(Ljava/lang/Object;)V+4
j  java.util.ArrayList.forEach(Ljava/util/function/Consumer;)V+47
j  org.junit.platform.engine.support.hierarchical.SameThreadHierarchicalTestExecutorService.invokeAll(Ljava/util/List;)V+6
j  org.junit.platform.engine.support.hierarchical.NodeTestTask.lambda$executeRecursively$5()V+116
j  org.junit.platform.engine.support.hierarchical.NodeTestTask$$Lambda$182.execute()V+4
j  org.junit.platform.engine.support.hierarchical.ThrowableCollector.execute(Lorg/junit/platform/engine/support/hierarchical/ThrowableCollector$Executable;)V+1
j  org.junit.platform.engine.support.hierarchical.NodeTestTask.lambda$executeRecursively$7(Lorg/junit/platform/engine/support/hierarchical/EngineExecutionContext;)V+15
j  org.junit.platform.engine.support.hierarchical.NodeTestTask$$Lambda$181.invoke(Lorg/junit/platform/engine/support/hierarchical/EngineExecutionContext;)V+5
j  org.junit.platform.engine.support.hierarchical.Node.around(Lorg/junit/platform/engine/support/hierarchical/EngineExecutionContext;Lorg/junit/platform/engine/support/hierarchical/Node$Invocation;)V+2
j  org.junit.platform.engine.support.hierarchical.NodeTestTask.lambda$executeRecursively$8()V+14
j  org.junit.platform.engine.support.hierarchical.NodeTestTask$$Lambda$180.execute()V+4
j  org.junit.platform.engine.support.hierarchical.ThrowableCollector.execute(Lorg/junit/platform/engine/support/hierarchical/ThrowableCollector$Executable;)V+1
j  org.junit.platform.engine.support.hierarchical.NodeTestTask.executeRecursively()V+31
j  org.junit.platform.engine.support.hierarchical.NodeTestTask.execute()V+55
j  org.junit.platform.engine.support.hierarchical.SameThreadHierarchicalTestExecutorService.submit(Lorg/junit/platform/engine/support/hierarchical/HierarchicalTestExecutorService$TestTask;)Ljava/util/concurrent/Future;+1
j  org.junit.platform.engine.support.hierarchical.HierarchicalTestExecutor.execute()Ljava/util/concurrent/Future;+74
j  org.junit.platform.engine.support.hierarchical.HierarchicalTestEngine.execute(Lorg/junit/platform/engine/ExecutionRequest;)V+31
j  org.junit.platform.launcher.core.DefaultLauncher.execute(Lorg/junit/platform/engine/TestDescriptor;Lorg/junit/platform/engine/EngineExecutionListener;Lorg/junit/platform/engine/ConfigurationParameters;Lorg/junit/platform/engine/TestEngine;)V+24
j  org.junit.platform.launcher.core.DefaultLauncher.lambda$execute$5(Lorg/junit/platform/launcher/core/InternalTestPlan;Lorg/junit/platform/launcher/core/Root;Lorg/junit/platform/engine/ConfigurationParameters;Lorg/junit/platform/launcher/TestExecutionListener;)V+105
j  org.junit.platform.launcher.core.DefaultLauncher$$Lambda$146.accept(Ljava/lang/Object;)V+20
j  org.junit.platform.launcher.core.DefaultLauncher.withInterceptedStreams(Lorg/junit/platform/engine/ConfigurationParameters;Lorg/junit/platform/launcher/core/TestExecutionListenerRegistry;Ljava/util/function/Consumer;)V+43
j  org.junit.platform.launcher.core.DefaultLauncher.execute(Lorg/junit/platform/launcher/core/InternalTestPlan;[Lorg/junit/platform/launcher/TestExecutionListener;)V+33
j  org.junit.platform.launcher.core.DefaultLauncher.execute(Lorg/junit/platform/launcher/LauncherDiscoveryRequest;[Lorg/junit/platform/launcher/TestExecutionListener;)V+33
j  org.gradle.api.internal.tasks.testing.junitplatform.JUnitPlatformTestClassProcessor$CollectAllTestClassesExecutor.processAllTestClasses()V+58
j  org.gradle.api.internal.tasks.testing.junitplatform.JUnitPlatformTestClassProcessor$CollectAllTestClassesExecutor.access$000(Lorg/gradle/api/internal/tasks/testing/junitplatform/JUnitPlatformTestClassProcessor$CollectAllTestClassesExecutor;)V+1
j  org.gradle.api.internal.tasks.testing.junitplatform.JUnitPlatformTestClassProcessor.stop()V+4
j  org.gradle.api.internal.tasks.testing.SuiteTestClassProcessor.stop()V+4
v  ~StubRoutines::call_stub
V  [libjvm.dylib+0x2dd6b9]  JavaCalls::call_helper(JavaValue*, methodHandle*, JavaCallArguments*, Thread*)+0x5f1
V  [libjvm.dylib+0x4edbf6]  Reflection::invoke(instanceKlassHandle, methodHandle, Handle, bool, objArrayHandle, BasicType, objArrayHandle, bool, Thread*)+0x9f0
V  [libjvm.dylib+0x4ee4ac]  Reflection::invoke_method(oopDesc*, Handle, objArrayHandle, Thread*)+0x150
V  [libjvm.dylib+0x353b62]  JVM_InvokeMethod+0x1ed
j  sun.reflect.NativeMethodAccessorImpl.invoke0(Ljava/lang/reflect/Method;Ljava/lang/Object;[Ljava/lang/Object;)Ljava/lang/Object;+0
j  sun.reflect.NativeMethodAccessorImpl.invoke(Ljava/lang/Object;[Ljava/lang/Object;)Ljava/lang/Object;+100
j  sun.reflect.DelegatingMethodAccessorImpl.invoke(Ljava/lang/Object;[Ljava/lang/Object;)Ljava/lang/Object;+6
j  java.lang.reflect.Method.invoke(Ljava/lang/Object;[Ljava/lang/Object;)Ljava/lang/Object;+56
j  org.gradle.internal.dispatch.ReflectionDispatch.dispatch(Lorg/gradle/internal/dispatch/MethodInvocation;)V+19
j  org.gradle.internal.dispatch.ReflectionDispatch.dispatch(Ljava/lang/Object;)V+5
j  org.gradle.internal.dispatch.ContextClassLoaderDispatch.dispatch(Ljava/lang/Object;)V+22
j  org.gradle.internal.dispatch.ProxyDispatchAdapter$DispatchingInvocationHandler.invoke(Ljava/lang/Object;Ljava/lang/reflect/Method;[Ljava/lang/Object;)Ljava/lang/Object;+177
j  com.sun.proxy.$Proxy2.stop()V+9
j  org.gradle.api.internal.tasks.testing.worker.TestWorker.stop()V+12
...<more frames>...


---------------  P R O C E S S  ---------------

Java Threads: ( => current thread )
  0x00007fe995c2e800 JavaThread "/127.0.0.1:49442 to /127.0.0.1:49440 workers Thread 3" [_thread_in_native, id=25859, stack(0x000000030728f000,0x000000030738f000)]
  0x00007fe996a24800 JavaThread "/127.0.0.1:49442 to /127.0.0.1:49440 workers Thread 2" [_thread_blocked, id=25351, stack(0x000000030718c000,0x000000030728c000)]
=>0x00007fe994add800 JavaThread "Test worker" [_thread_in_Java, id=38095, stack(0x0000000307089000,0x0000000307189000)]
  0x00007fe994873000 JavaThread "Service Thread" daemon [_thread_blocked, id=24071, stack(0x0000000306e83000,0x0000000306f83000)]
  0x00007fe996830800 JavaThread "C1 CompilerThread3" daemon [_thread_blocked, id=39427, stack(0x0000000306d80000,0x0000000306e80000)]
  0x00007fe99682f800 JavaThread "C2 CompilerThread2" daemon [_thread_blocked, id=23555, stack(0x0000000306c7d000,0x0000000306d7d000)]
  0x00007fe99682e800 JavaThread "C2 CompilerThread1" daemon [_thread_blocked, id=39939, stack(0x0000000306b7a000,0x0000000306c7a000)]
  0x00007fe995844000 JavaThread "C2 CompilerThread0" daemon [_thread_blocked, id=40451, stack(0x0000000306a77000,0x0000000306b77000)]
  0x00007fe99603a000 JavaThread "JDWP Command Reader" daemon [_thread_in_native, id=23043, stack(0x0000000306974000,0x0000000306a74000)]
  0x00007fe99581e800 JavaThread "JDWP Event Helper Thread" daemon [_thread_blocked, id=41987, stack(0x0000000306871000,0x0000000306971000)]
  0x00007fe99484a800 JavaThread "JDWP Transport Listener: dt_socket" daemon [_thread_blocked, id=42511, stack(0x000000030676e000,0x000000030686e000)]
  0x00007fe996039000 JavaThread "Signal Dispatcher" daemon [_thread_blocked, id=22531, stack(0x000000030666b000,0x000000030676b000)]
  0x00007fe99483c800 JavaThread "Finalizer" daemon [_thread_blocked, id=13339, stack(0x0000000306458000,0x0000000306558000)]
  0x00007fe99602c000 JavaThread "Reference Handler" daemon [_thread_blocked, id=13091, stack(0x0000000306355000,0x0000000306455000)]
  0x00007fe995809800 JavaThread "main" [_thread_blocked, id=6403, stack(0x0000000305937000,0x0000000305a37000)]

Other Threads:
  0x00007fe994836000 VMThread [stack: 0x0000000306252000,0x0000000306352000] [id=17923]
  0x00007fe99584d000 WatcherThread [stack: 0x0000000306f86000,0x0000000307086000] [id=38403]

VM state:not at safepoint (normal execution)

VM Mutex/Monitor currently owned by a thread: None

heap address: 0x00000007a0000000, size: 512 MB, Compressed Oops mode: Zero based, Oop shift amount: 3
Narrow klass base: 0x0000000000000000, Narrow klass shift: 3
Compressed class space size: 1073741824 Address: 0x00000007c0000000

Heap:
 PSYoungGen      total 38400K, used 32628K [0x00000007b5580000, 0x00000007b8000000, 0x00000007c0000000)
  eden space 33280K, 98% used [0x00000007b5580000,0x00000007b755d120,0x00000007b7600000)
  from space 5120K, 0% used [0x00000007b7b00000,0x00000007b7b00000,0x00000007b8000000)
  to   space 5120K, 0% used [0x00000007b7600000,0x00000007b7600000,0x00000007b7b00000)
 ParOldGen       total 87552K, used 0K [0x00000007a0000000, 0x00000007a5580000, 0x00000007b5580000)
  object space 87552K, 0% used [0x00000007a0000000,0x00000007a0000000,0x00000007a5580000)
 Metaspace       used 11090K, capacity 12114K, committed 12288K, reserved 1060864K
  class space    used 1497K, capacity 1723K, committed 1792K, reserved 1048576K

Card table byte_map: [0x000000011db6d000,0x000000011dc6e000] byte_map_base: 0x0000000119e6d000

Marking Bits: (ParMarkBitMap*) 0x000000010d740438
 Begin Bits: [0x000000011dc87000, 0x000000011e487000)
 End Bits:   [0x000000011e487000, 0x000000011ec87000)

Polling page: 0x0000000108d62000

CodeCache: size=245760Kb used=3869Kb max_used=3876Kb free=241890Kb
 bounds [0x000000010e7ad000, 0x000000010eb7d000, 0x000000011d7ad000]
 total_blobs=1347 nmethods=1022 adapters=248
 compilation: enabled

Compilation events (10 events):
Event: 1.430 Thread 0x00007fe996830800 nmethod 1018 0x000000010eb71050 code [0x000000010eb711a0, 0x000000010eb712f0]
Event: 1.430 Thread 0x00007fe996830800 1020       3       java.lang.invoke.ConstantCallSite::<init> (11 bytes)
Event: 1.430 Thread 0x00007fe996830800 nmethod 1020 0x000000010eb71390 code [0x000000010eb71500, 0x000000010eb717d0]
Event: 1.430 Thread 0x00007fe996830800 1021       3       java.lang.invoke.LambdaForm$DMH/984849465::invokeStatic_L6_L (24 bytes)
Event: 1.430 Thread 0x00007fe996830800 nmethod 1021 0x000000010eb71910 code [0x000000010eb71aa0, 0x000000010eb72098]
Event: 1.431 Thread 0x00007fe996830800 1022       3       java.lang.invoke.LambdaForm$MH/312116338::invoke_MT (34 bytes)
Event: 1.432 Thread 0x00007fe996830800 nmethod 1022 0x000000010eb72210 code [0x000000010eb72400, 0x000000010eb73278]
Event: 1.432 Thread 0x00007fe996830800 1023       3       java.lang.invoke.LambdaMetafactory::metafactory (35 bytes)
Event: 1.432 Thread 0x00007fe996830800 nmethod 1023 0x000000010eb737d0 code [0x000000010eb73960, 0x000000010eb73ca8]
Event: 1.433 Thread 0x00007fe99682e800 nmethod 1019 0x000000010eb75a50 code [0x000000010eb75d80, 0x000000010eb76bd8]

GC Heap History (0 events):
No events

Deoptimization events (5 events):
Event: 0.519 Thread 0x00007fe995809800 Uncommon trap: reason=null_check action=make_not_entrant pc=0x000000010e8bc140 method=java.lang.String.equals(Ljava/lang/Object;)Z @ 8
Event: 0.531 Thread 0x00007fe995809800 Uncommon trap: reason=unstable_if action=reinterpret pc=0x000000010e9323c4 method=java.lang.String.replace(CC)Ljava/lang/String; @ 26
Event: 0.630 Thread 0x00007fe995809800 Uncommon trap: reason=unstable_if action=reinterpret pc=0x000000010ea00180 method=java.util.HashMap.getNode(ILjava/lang/Object;)Ljava/util/HashMap$Node; @ 129
Event: 1.241 Thread 0x00007fe994add800 Uncommon trap: reason=unstable_if action=reinterpret pc=0x000000010eaf7cb0 method=jdk.internal.org.objectweb.asm.Type.getArgumentsAndReturnSizes(Ljava/lang/String;)I @ 88
Event: 1.425 Thread 0x00007fe994add800 Uncommon trap: reason=unstable_if action=reinterpret pc=0x000000010e9cf520 method=java.lang.CharacterData.of(I)Ljava/lang/CharacterData; @ 4

Classes redefined (0 events):
No events

Internal exceptions (10 events):
Event: 1.126 Thread 0x00007fe994add800 Exception <a 'java/lang/IncompatibleClassChangeError': Found class java.lang.Object, but interface was expected> (0x00000007b6ec5c90) thrown at [/corretto/workspace/corretto8-repo/installers/mac/tar/corretto-build/buildRoot/src/hotspot/src/share/vm/interp
Event: 1.131 Thread 0x00007fe994add800 Exception <a 'java/lang/NoSuchMethodError': java.lang.Object.lambda$ofVoidMethod$0(Lorg/junit/jupiter/engine/execution/ExecutableInvoker$ReflectiveInterceptorCall$VoidMethodInterceptorCall;Lorg/junit/jupiter/api/extension/InvocationInterceptor;Lorg/junit/
Event: 1.147 Thread 0x00007fe994add800 Exception <a 'java/lang/IncompatibleClassChangeError': Found class java.lang.Object, but interface was expected> (0x00000007b6f10388) thrown at [/corretto/workspace/corretto8-repo/installers/mac/tar/corretto-build/buildRoot/src/hotspot/src/share/vm/interp
Event: 1.148 Thread 0x00007fe994add800 Exception <a 'java/lang/NoSuchMethodError': java.lang.Object.lambda$accept$0(Lorg/junit/platform/engine/TestDescriptor$Visitor;Lorg/junit/platform/engine/TestDescriptor;)V> (0x00000007b6f14710) thrown at [/corretto/workspace/corretto8-repo/installers/mac/
Event: 1.158 Thread 0x00007fe994add800 Exception <a 'java/lang/NoSuchMethodError': java.lang.Object.containsTests(Lorg/junit/platform/engine/TestDescriptor;)Z> (0x00000007b6f49d70) thrown at [/corretto/workspace/corretto8-repo/installers/mac/tar/corretto-build/buildRoot/src/hotspot/src/share/v
Event: 1.206 Thread 0x00007fe994add800 Exception <a 'java/lang/IncompatibleClassChangeError': Found class java.lang.Object, but interface was expected> (0x00000007b6ff8840) thrown at [/corretto/workspace/corretto8-repo/installers/mac/tar/corretto-build/buildRoot/src/hotspot/src/share/vm/interp
Event: 1.239 Thread 0x00007fe994add800 Exception <a 'java/lang/NoSuchMethodError': java.lang.Object.lambda$comparing$77a9974f$1(Ljava/util/function/Function;Ljava/lang/Object;Ljava/lang/Object;)I> (0x00000007b70ca2e8) thrown at [/corretto/workspace/corretto8-repo/installers/mac/tar/corretto-bu
Event: 1.245 Thread 0x00007fe994add800 Exception <a 'java/lang/NoSuchMethodError': java.lang.Object.lambda$thenComparing$36697e65$1(Ljava/util/Comparator;Ljava/lang/Object;Ljava/lang/Object;)I> (0x00000007b70e4820) thrown at [/corretto/workspace/corretto8-repo/installers/mac/tar/corretto-build
Event: 1.315 Thread 0x00007fe994add800 Exception <a 'java/lang/NoSuchMethodError': java.lang.Object.lambda$and$0(Ljava/util/function/Predicate;Ljava/lang/Object;)Z> (0x00000007b72c0538) thrown at [/corretto/workspace/corretto8-repo/installers/mac/tar/corretto-build/buildRoot/src/hotspot/src/sh
Event: 1.393 Thread 0x00007fe994add800 Exception <a 'java/lang/IncompatibleClassChangeError': Found class java.lang.Object, but interface was expected> (0x00000007b73f1300) thrown at [/corretto/workspace/corretto8-repo/installers/mac/tar/corretto-build/buildRoot/src/hotspot/src/share/vm/interp

Events (10 events):
Event: 65.562 Executing VM operation: GetOrSetLocal
Event: 65.562 Executing VM operation: GetOrSetLocal done
Event: 67.260 Executing VM operation: EnterInterpOnlyMode
Event: 67.260 Executing VM operation: EnterInterpOnlyMode done
Event: 67.263 Executing VM operation: EnterInterpOnlyMode
Event: 67.263 Executing VM operation: EnterInterpOnlyMode done
Event: 67.263 Executing VM operation: GetCurrentLocation
Event: 67.263 Executing VM operation: GetCurrentLocation done
Event: 67.263 Executing VM operation: ChangeSingleStep
Event: 67.263 Executing VM operation: ChangeSingleStep done


Dynamic libraries:
0x00007ffdffc95000 	/Library/Apple/usr/libexec/oah/runtime
0x00007fff352aa000 	/System/Library/Frameworks/Cocoa.framework/Versions/A/Cocoa
0x00007fff22169000 	/System/Library/Frameworks/Security.framework/Versions/A/Security
0x00007fff334a9000 	/System/Library/Frameworks/ApplicationServices.framework/Versions/A/ApplicationServices
0x00007fff2a60c000 	/usr/lib/libz.1.dylib
0x00007fff2a6d8000 	/usr/lib/libSystem.B.dylib
0x00007fff203fc000 	/System/Library/Frameworks/CoreFoundation.framework/Versions/A/CoreFoundation
0x00007fff210de000 	/System/Library/Frameworks/Foundation.framework/Versions/C/Foundation
0x00007fff2021b000 	/usr/lib/libobjc.A.dylib
0x00007fff22b8f000 	/System/Library/Frameworks/AppKit.framework/Versions/C/AppKit
0x00007fff25a4b000 	/System/Library/Frameworks/CoreData.framework/Versions/A/CoreData
0x00007fff238f2000 	/System/Library/PrivateFrameworks/UIFoundation.framework/Versions/A/UIFoundation
0x00007fff2fe8d000 	/System/Library/PrivateFrameworks/RemoteViewServices.framework/Versions/A/RemoteViewServices
0x00007fff28c29000 	/System/Library/PrivateFrameworks/XCTTargetBootstrap.framework/Versions/A/XCTTargetBootstrap
0x00007fff2b975000 	/usr/lib/libspindump.dylib
0x00007fff23b46000 	/System/Library/Frameworks/UniformTypeIdentifiers.framework/Versions/A/UniformTypeIdentifiers
0x00007fff27400000 	/usr/lib/libapp_launch_measurement.dylib
0x00007fff27403000 	/System/Library/PrivateFrameworks/CoreAutoLayout.framework/Versions/A/CoreAutoLayout
0x00007fff2858b000 	/System/Library/Frameworks/Metal.framework/Versions/A/Metal
0x00007fff2927e000 	/usr/lib/liblangid.dylib
0x00007fff28c2d000 	/System/Library/PrivateFrameworks/CoreSVG.framework/Versions/A/CoreSVG
0x00007fff24b2d000 	/System/Library/PrivateFrameworks/SkyLight.framework/Versions/A/SkyLight
0x00007fff24e93000 	/System/Library/Frameworks/CoreGraphics.framework/Versions/A/CoreGraphics
0x00007fff304e4000 	/System/Library/Frameworks/Accelerate.framework/Versions/A/Accelerate
0x00007fff2b3b0000 	/System/Library/PrivateFrameworks/IconServices.framework/Versions/A/IconServices
0x00007fff28570000 	/System/Library/Frameworks/IOSurface.framework/Versions/A/IOSurface
0x00007fff263dd000 	/usr/lib/libDiagnosticMessagesClient.dylib
0x00007fff28c15000 	/System/Library/PrivateFrameworks/DFRFoundation.framework/Versions/A/DFRFoundation
0x00007fff224bb000 	/usr/lib/libicucore.A.dylib
0x00007fff2ceb5000 	/System/Library/Frameworks/AudioToolbox.framework/Versions/A/AudioToolbox
0x00007fff2c15b000 	/System/Library/PrivateFrameworks/DataDetectorsCore.framework/Versions/A/DataDetectorsCore
0x00007fff28915000 	/System/Library/Frameworks/Carbon.framework/Versions/A/Frameworks/HIToolbox.framework/Versions/A/HIToolbox
0x00007fff26e58000 	/System/Library/Frameworks/QuartzCore.framework/Versions/A/QuartzCore
0x00007fff2fec9000 	/System/Library/Frameworks/Carbon.framework/Versions/A/Frameworks/SpeechRecognition.framework/Versions/A/SpeechRecognition
0x00007fff27168000 	/System/Library/PrivateFrameworks/CoreUI.framework/Versions/A/CoreUI
0x00007fff21ac5000 	/System/Library/Frameworks/CoreAudio.framework/Versions/A/CoreAudio
0x00007fff264c8000 	/System/Library/Frameworks/DiskArbitration.framework/Versions/A/DiskArbitration
0x00007fff2bd6f000 	/System/Library/PrivateFrameworks/MultitouchSupport.framework/Versions/A/MultitouchSupport
0x00007fff2c152000 	/System/Library/PrivateFrameworks/InternationalSupport.framework/Versions/A/InternationalSupport
0x00007fff24aa1000 	/usr/lib/libenergytrace.dylib
0x00007fff22a89000 	/System/Library/Frameworks/IOKit.framework/Versions/A/IOKit
0x00007fff30216000 	/System/Library/Frameworks/CoreServices.framework/Versions/A/CoreServices
0x00007fff27396000 	/System/Library/PrivateFrameworks/PerformanceAnalysis.framework/Versions/A/PerformanceAnalysis
0x00007fff6cb1f000 	/System/Library/Frameworks/OpenGL.framework/Versions/A/OpenGL
0x00007fff2c1d7000 	/System/Library/PrivateFrameworks/UserActivity.framework/Versions/A/UserActivity
0x00007fff2554d000 	/System/Library/Frameworks/ColorSync.framework/Versions/A/ColorSync
0x00007fff28e95000 	/System/Library/Frameworks/CoreImage.framework/Versions/A/CoreImage
0x00007fff218dc000 	/System/Library/Frameworks/CoreText.framework/Versions/A/CoreText
0x00007fff28c57000 	/System/Library/Frameworks/ImageIO.framework/Versions/A/ImageIO
0x00007fff2a6de000 	/System/Library/PrivateFrameworks/SoftLinking.framework/Versions/A/SoftLinking
0x00007fff2744c000 	/usr/lib/libxml2.2.dylib
0x00007fff202e1000 	/usr/lib/libc++.1.dylib
0x00007fff2a950000 	/usr/lib/libcompression.dylib
0x00007fff24aa2000 	/usr/lib/libMobileGestalt.dylib
0x00007fff2c085000 	/System/Library/PrivateFrameworks/TextureIO.framework/Versions/A/TextureIO
0x00007fff2b03d000 	/usr/lib/libate.dylib
0x00007fff2a6d2000 	/usr/lib/system/libcache.dylib
0x00007fff2a68e000 	/usr/lib/system/libcommonCrypto.dylib
0x00007fff2a6b8000 	/usr/lib/system/libcompiler_rt.dylib
0x00007fff2a6ad000 	/usr/lib/system/libcopyfile.dylib
0x00007fff2010a000 	/usr/lib/system/libcorecrypto.dylib
0x00007fff201d6000 	/usr/lib/system/libdispatch.dylib
0x00007fff2038b000 	/usr/lib/system/libdyld.dylib
0x00007fff2a6c9000 	/usr/lib/system/libkeymgr.dylib
0x00007fff2dc67000 	/usr/lib/system/liblaunch.dylib
0x00007fff2a66c000 	/usr/lib/system/libmacho.dylib
0x00007fff29e82000 	/usr/lib/system/libquarantine.dylib
0x00007fff2a6c6000 	/usr/lib/system/libremovefile.dylib
0x00007fff24afe000 	/usr/lib/system/libsystem_asl.dylib
0x00007fff200ba000 	/usr/lib/system/libsystem_blocks.dylib
0x00007fff20258000 	/usr/lib/system/libsystem_c.dylib
0x00007fff2a6c0000 	/usr/lib/system/libsystem_collections.dylib
0x00007fff2926f000 	/usr/lib/system/libsystem_configuration.dylib
0x00007fff2855f000 	/usr/lib/system/libsystem_containermanager.dylib
0x00007fff2a404000 	/usr/lib/system/libsystem_coreservices.dylib
0x00007fff2271d000 	/usr/lib/system/libsystem_darwin.dylib
0x00007fff2a6ca000 	/usr/lib/system/libsystem_dnssd.dylib
0x00007fff20255000 	/usr/lib/system/libsystem_featureflags.dylib
0x00007fff203d0000 	/usr/lib/system/libsystem_info.dylib
0x00007fff2a61f000 	/usr/lib/system/libsystem_m.dylib
0x00007fff201a9000 	/usr/lib/system/libsystem_malloc.dylib
0x00007fff24a92000 	/usr/lib/system/libsystem_networkextension.dylib
0x00007fff22b37000 	/usr/lib/system/libsystem_notify.dylib
0x00007fff30114000 	/usr/lib/system/libsystem_product_info_filter.dylib
0x00007fff29273000 	/usr/lib/system/libsystem_sandbox.dylib
0x00007fff2a6c3000 	/usr/lib/system/libsystem_secinit.dylib
0x00007fff20350000 	/usr/lib/system/libsystem_kernel.dylib
0x00007fff203c6000 	/usr/lib/system/libsystem_platform.dylib
0x00007fff2037f000 	/usr/lib/system/libsystem_pthread.dylib
0x00007fff2622b000 	/usr/lib/system/libsystem_symptoms.dylib
0x00007fff200f2000 	/usr/lib/system/libsystem_trace.dylib
0x00007fff2a69a000 	/usr/lib/system/libunwind.dylib
0x00007fff200bc000 	/usr/lib/system/libxpc.dylib
0x00007fff20337000 	/usr/lib/libc++abi.dylib
0x00007fff2a6a5000 	/usr/lib/liboah.dylib
0x00007fff2ad69000 	/usr/lib/liblzma.5.dylib
0x00007fff20df2000 	/System/Library/Frameworks/SystemConfiguration.framework/Versions/A/SystemConfiguration
0x00007fff2a6da000 	/usr/lib/libfakelink.dylib
0x00007fff245f4000 	/System/Library/Frameworks/CFNetwork.framework/Versions/A/CFNetwork
0x00007fff2a81a000 	/usr/lib/libarchive.2.dylib
0x00007fff20e70000 	/usr/lib/libCRFSuite.dylib
0x00007fff29ea9000 	/usr/lib/libbsm.0.dylib
0x00007fff23fb0000 	/usr/lib/libnetwork.dylib
0x00007fff2a6df000 	/usr/lib/libpcap.A.dylib
0x00007fff26224000 	/usr/lib/libdns_services.dylib
0x00007fff2ad82000 	/usr/lib/libcoretls_cfhelpers.dylib
0x00007fff2a91e000 	/usr/lib/libapple_nghttp2.dylib
0x00007fff2a672000 	/usr/lib/system/libkxld.dylib
0x00007fff25e92000 	/usr/lib/libsqlite3.dylib
0x00007fff2a3e6000 	/System/Library/PrivateFrameworks/AppleFSCompression.framework/Versions/A/AppleFSCompression
0x00007fff29e91000 	/usr/lib/libcoretls.dylib
0x00007fff2a94b000 	/usr/lib/libpam.2.dylib
0x00007fff2ae7e000 	/usr/lib/libxar.1.dylib
0x00007fff2927a000 	/System/Library/PrivateFrameworks/AppleSystemInfo.framework/Versions/A/AppleSystemInfo
0x00007fff29ad4000 	/System/Library/PrivateFrameworks/IOMobileFramebuffer.framework/Versions/A/IOMobileFramebuffer
0x00007fff2a3f6000 	/usr/lib/libbz2.1.0.dylib
0x00007fff2a717000 	/usr/lib/libiconv.2.dylib
0x00007fff2a66b000 	/usr/lib/libcharset.1.dylib
0x00007fff273d2000 	/System/Library/Frameworks/CoreServices.framework/Versions/A/Frameworks/FSEvents.framework/Versions/A/FSEvents
0x00007fff22727000 	/System/Library/Frameworks/CoreServices.framework/Versions/A/Frameworks/CarbonCore.framework/Versions/A/CarbonCore
0x00007fff2642d000 	/System/Library/Frameworks/CoreServices.framework/Versions/A/Frameworks/Metadata.framework/Versions/A/Metadata
0x00007fff2a409000 	/System/Library/Frameworks/CoreServices.framework/Versions/A/Frameworks/OSServices.framework/Versions/A/OSServices
0x00007fff2a88c000 	/System/Library/Frameworks/CoreServices.framework/Versions/A/Frameworks/SearchKit.framework/Versions/A/SearchKit
0x00007fff261ae000 	/System/Library/Frameworks/CoreServices.framework/Versions/A/Frameworks/AE.framework/Versions/A/AE
0x00007fff20898000 	/System/Library/Frameworks/CoreServices.framework/Versions/A/Frameworks/LaunchServices.framework/Versions/A/LaunchServices
0x00007fff2ad1a000 	/System/Library/Frameworks/CoreServices.framework/Versions/A/Frameworks/DictionaryServices.framework/Versions/A/DictionaryServices
0x00007fff273db000 	/System/Library/Frameworks/CoreServices.framework/Versions/A/Frameworks/SharedFileList.framework/Versions/A/SharedFileList
0x00007fff29e85000 	/usr/lib/libCheckFix.dylib
0x00007fff24b15000 	/System/Library/PrivateFrameworks/TCC.framework/Versions/A/TCC
0x00007fff29280000 	/System/Library/PrivateFrameworks/CoreNLP.framework/Versions/A/CoreNLP
0x00007fff263e0000 	/System/Library/PrivateFrameworks/MetadataUtilities.framework/Versions/A/MetadataUtilities
0x00007fff20ea6000 	/usr/lib/libmecabra.dylib
0x00007fff2a199000 	/System/Library/Frameworks/MLCompute.framework/Versions/A/MLCompute
0x00007fff29eba000 	/usr/lib/libmecab.dylib
0x00007fff29f04000 	/usr/lib/libgermantok.dylib
0x00007fff2a8f4000 	/usr/lib/libThaiTokenizer.dylib
0x00007fff2aeb9000 	/usr/lib/libChineseTokenizer.dylib
0x00007fff2a949000 	/System/Library/Frameworks/MetalPerformanceShaders.framework/Versions/A/MetalPerformanceShaders
0x00007fff264cf000 	/System/Library/Frameworks/Accelerate.framework/Versions/A/Frameworks/vImage.framework/Versions/A/vImage
0x00007fff301ef000 	/System/Library/Frameworks/Accelerate.framework/Versions/A/Frameworks/vecLib.framework/Versions/A/vecLib
0x00007fff2aec4000 	/System/Library/Frameworks/Accelerate.framework/Versions/A/Frameworks/vecLib.framework/Versions/A/libvMisc.dylib
0x00007fff29930000 	/System/Library/Frameworks/Accelerate.framework/Versions/A/Frameworks/vecLib.framework/Versions/A/libvDSP.dylib
0x00007fff20b9c000 	/System/Library/Frameworks/Accelerate.framework/Versions/A/Frameworks/vecLib.framework/Versions/A/libBLAS.dylib
0x00007fff2a96f000 	/System/Library/Frameworks/Accelerate.framework/Versions/A/Frameworks/vecLib.framework/Versions/A/libLAPACK.dylib
0x00007fff29f0a000 	/System/Library/Frameworks/Accelerate.framework/Versions/A/Frameworks/vecLib.framework/Versions/A/libLinearAlgebra.dylib
0x00007fff2a936000 	/System/Library/Frameworks/Accelerate.framework/Versions/A/Frameworks/vecLib.framework/Versions/A/libSparseBLAS.dylib
0x00007fff2a969000 	/System/Library/Frameworks/Accelerate.framework/Versions/A/Frameworks/vecLib.framework/Versions/A/libQuadrature.dylib
0x00007fff29328000 	/System/Library/Frameworks/Accelerate.framework/Versions/A/Frameworks/vecLib.framework/Versions/A/libBNNS.dylib
0x00007fff20d83000 	/System/Library/Frameworks/Accelerate.framework/Versions/A/Frameworks/vecLib.framework/Versions/A/libSparse.dylib
0x00007fff29213000 	/System/Library/Frameworks/MetalPerformanceShaders.framework/Versions/A/Frameworks/MPSCore.framework/Versions/A/MPSCore
0x00007fff2a355000 	/System/Library/Frameworks/MetalPerformanceShaders.framework/Versions/A/Frameworks/MPSImage.framework/Versions/A/MPSImage
0x00007fff29f21000 	/System/Library/Frameworks/MetalPerformanceShaders.framework/Versions/A/Frameworks/MPSNeuralNetwork.framework/Versions/A/MPSNeuralNetwork
0x00007fff2a2e0000 	/System/Library/Frameworks/MetalPerformanceShaders.framework/Versions/A/Frameworks/MPSMatrix.framework/Versions/A/MPSMatrix
0x00007fff2a149000 	/System/Library/Frameworks/MetalPerformanceShaders.framework/Versions/A/Frameworks/MPSRayIntersector.framework/Versions/A/MPSRayIntersector
0x00007fff2a317000 	/System/Library/Frameworks/MetalPerformanceShaders.framework/Versions/A/Frameworks/MPSNDArray.framework/Versions/A/MPSNDArray
0x00007fff20ac8000 	/System/Library/PrivateFrameworks/MetalTools.framework/Versions/A/MetalTools
0x00007fff29278000 	/System/Library/PrivateFrameworks/AggregateDictionary.framework/Versions/A/AggregateDictionary
0x00007fff263b8000 	/System/Library/PrivateFrameworks/CoreAnalytics.framework/Versions/A/CoreAnalytics
0x00007fff2a8f6000 	/System/Library/PrivateFrameworks/AppleSauce.framework/Versions/A/AppleSauce
0x00007fff28582000 	/System/Library/PrivateFrameworks/IOAccelerator.framework/Versions/A/IOAccelerator
0x00007fff6cb13000 	/System/Library/Frameworks/OpenGL.framework/Versions/A/Libraries/libCoreFSCache.dylib
0x00007fff21442000 	/System/Library/PrivateFrameworks/LanguageModeling.framework/Versions/A/LanguageModeling
0x00007fff29ac1000 	/System/Library/PrivateFrameworks/CoreEmoji.framework/Versions/A/CoreEmoji
0x00007fff29321000 	/System/Library/PrivateFrameworks/LinguisticData.framework/Versions/A/LinguisticData
0x00007fff20d35000 	/System/Library/PrivateFrameworks/Lexicon.framework/Versions/A/Lexicon
0x00007fff2a808000 	/usr/lib/libcmph.dylib
0x00007fff273b2000 	/System/Library/Frameworks/OpenDirectory.framework/Versions/A/Frameworks/CFOpenDirectory.framework/Versions/A/CFOpenDirectory
0x00007fff273a2000 	/System/Library/Frameworks/OpenDirectory.framework/Versions/A/OpenDirectory
0x00007fff2ad84000 	/System/Library/PrivateFrameworks/APFS.framework/Versions/A/APFS
0x00007fff29de6000 	/System/Library/Frameworks/SecurityFoundation.framework/Versions/A/SecurityFoundation
0x00007fff2ae8c000 	/usr/lib/libutil.dylib
0x00007fff22a4e000 	/System/Library/PrivateFrameworks/CoreServicesStore.framework/Versions/A/CoreServicesStore
0x00007fff29e7d000 	/System/Library/Frameworks/ServiceManagement.framework/Versions/A/ServiceManagement
0x00007fff2ae90000 	/usr/lib/libxslt.1.dylib
0x00007fff29e73000 	/System/Library/PrivateFrameworks/BackgroundTaskManagement.framework/Versions/A/BackgroundTaskManagement
0x00007fff2bfd0000 	/System/Library/Frameworks/ImageIO.framework/Versions/A/Resources/libRadiance.dylib
0x00007fff2bfd9000 	/System/Library/Frameworks/ImageIO.framework/Versions/A/Resources/libJPEG.dylib
0x00007fff2bf29000 	/System/Library/Frameworks/ImageIO.framework/Versions/A/Resources/libPng.dylib
0x00007fff2bf50000 	/System/Library/Frameworks/ImageIO.framework/Versions/A/Resources/libTIFF.dylib
0x00007fff2c02e000 	/System/Library/Frameworks/ImageIO.framework/Versions/A/Resources/libGIF.dylib
0x00007fff2bc8d000 	/System/Library/Frameworks/ImageIO.framework/Versions/A/Resources/libJP2.dylib
0x00007fff2b377000 	/usr/lib/libexpat.1.dylib
0x00007fff2bc42000 	/System/Library/PrivateFrameworks/AppleJPEG.framework/Versions/A/AppleJPEG
0x00007fff287b8000 	/System/Library/PrivateFrameworks/FontServices.framework/libFontParser.dylib
0x00007fff26162000 	/System/Library/PrivateFrameworks/RunningBoardServices.framework/Versions/A/RunningBoardServices
0x00007fff2bd6b000 	/System/Library/PrivateFrameworks/WatchdogClient.framework/Versions/A/WatchdogClient
0x00007fff2152f000 	/System/Library/Frameworks/CoreDisplay.framework/Versions/A/CoreDisplay
0x00007fff286ce000 	/System/Library/Frameworks/CoreMedia.framework/Versions/A/CoreMedia
0x00007fff2752f000 	/System/Library/Frameworks/CoreVideo.framework/Versions/A/CoreVideo
0x00007fff2bda3000 	/System/Library/Frameworks/VideoToolbox.framework/Versions/A/VideoToolbox
0x00007fff260e0000 	/System/Library/PrivateFrameworks/BaseBoard.framework/Versions/A/BaseBoard
0x00007fff2b4bc000 	/System/Library/PrivateFrameworks/PersistentConnection.framework/Versions/A/PersistentConnection
0x00007fff25e7b000 	/System/Library/PrivateFrameworks/ProtocolBuffer.framework/Versions/A/ProtocolBuffer
0x00007fff260c7000 	/System/Library/PrivateFrameworks/CommonUtilities.framework/Versions/A/CommonUtilities
0x00007fff2bbd7000 	/System/Library/PrivateFrameworks/Bom.framework/Versions/A/Bom
0x00007fff2bfc9000 	/System/Library/PrivateFrameworks/GPUWrangler.framework/Versions/A/GPUWrangler
0x00007fff2bfae000 	/System/Library/PrivateFrameworks/IOPresentment.framework/Versions/A/IOPresentment
0x00007fff2bfd3000 	/System/Library/PrivateFrameworks/DSExternalDisplay.framework/Versions/A/DSExternalDisplay
0x00007fff2c033000 	/System/Library/PrivateFrameworks/CMCaptureCore.framework/Versions/A/CMCaptureCore
0x00007fff2b95c000 	/System/Library/PrivateFrameworks/AppServerSupport.framework/Versions/A/AppServerSupport
0x00007fff2da06000 	/System/Library/PrivateFrameworks/perfdata.framework/Versions/A/perfdata
0x00007fff29dd5000 	/System/Library/PrivateFrameworks/AssertionServices.framework/Versions/A/AssertionServices
0x00007fff21666000 	/System/Library/PrivateFrameworks/AudioToolboxCore.framework/Versions/A/AudioToolboxCore
0x00007fff286b1000 	/System/Library/PrivateFrameworks/caulk.framework/Versions/A/caulk
0x00007fff3d693000 	/System/Library/PrivateFrameworks/SystemPolicy.framework/Versions/A/SystemPolicy
0x00007fff2b16c000 	/usr/lib/libIOReport.dylib
0x00007fff2d228000 	/usr/lib/libSMC.dylib
0x00007fff2bef6000 	/usr/lib/libAudioToolboxUtility.dylib
0x00007fff3dffd000 	/usr/lib/libmis.dylib
0x00007fff6cb6f000 	/System/Library/Frameworks/OpenGL.framework/Versions/A/Libraries/libGLU.dylib
0x00007fff6cb32000 	/System/Library/Frameworks/OpenGL.framework/Versions/A/Libraries/libGFXShared.dylib
0x00007fff6cd41000 	/System/Library/Frameworks/OpenGL.framework/Versions/A/Libraries/libGL.dylib
0x00007fff6cb3b000 	/System/Library/Frameworks/OpenGL.framework/Versions/A/Libraries/libGLImage.dylib
0x00007fff6cb2f000 	/System/Library/Frameworks/OpenGL.framework/Versions/A/Libraries/libCVMSPluginSupport.dylib
0x00007fff6cb1a000 	/System/Library/Frameworks/OpenGL.framework/Versions/A/Libraries/libCoreVMClient.dylib
0x00007fff6e182000 	/System/Library/Frameworks/OpenCL.framework/Versions/A/OpenCL
0x00007fff2b4e6000 	/System/Library/PrivateFrameworks/GraphVisualizer.framework/Versions/A/GraphVisualizer
0x00007fff2b4f5000 	/System/Library/PrivateFrameworks/FaceCore.framework/Versions/A/FaceCore
0x00007fff2b911000 	/System/Library/PrivateFrameworks/OTSVG.framework/Versions/A/OTSVG
0x00007fff27126000 	/System/Library/Frameworks/ApplicationServices.framework/Versions/A/Frameworks/ATS.framework/Versions/A/Resources/libFontRegistry.dylib
0x00007fff2b963000 	/System/Library/PrivateFrameworks/FontServices.framework/libhvf.dylib
0x00007fff2b323000 	/System/Library/PrivateFrameworks/AppleVA.framework/Versions/A/AppleVA
0x00007fff2d071000 	/System/Library/Frameworks/ApplicationServices.framework/Versions/A/Frameworks/ATS.framework/Versions/A/ATS
0x00007fff2d383000 	/System/Library/Frameworks/ApplicationServices.framework/Versions/A/Frameworks/ColorSyncLegacy.framework/Versions/A/ColorSyncLegacy
0x00007fff25644000 	/System/Library/Frameworks/ApplicationServices.framework/Versions/A/Frameworks/HIServices.framework/Versions/A/HIServices
0x00007fff2d368000 	/System/Library/Frameworks/ApplicationServices.framework/Versions/A/Frameworks/LangAnalysis.framework/Versions/A/LangAnalysis
0x00007fff2c03d000 	/System/Library/Frameworks/ApplicationServices.framework/Versions/A/Frameworks/PrintCore.framework/Versions/A/PrintCore
0x00007fff2d38b000 	/System/Library/Frameworks/ApplicationServices.framework/Versions/A/Frameworks/QD.framework/Versions/A/QD
0x00007fff2d061000 	/System/Library/Frameworks/ApplicationServices.framework/Versions/A/Frameworks/SpeechSynthesis.framework/Versions/A/SpeechSynthesis
0x00007fff2bffe000 	/System/Library/Frameworks/ApplicationServices.framework/Versions/A/Frameworks/ATSUI.framework/Versions/A/ATSUI
0x00007fff2d308000 	/usr/lib/libcups.2.dylib
0x00007fff2d378000 	/System/Library/PrivateFrameworks/NetAuth.framework/Versions/A/NetAuth
0x00007fff2da22000 	/System/Library/Frameworks/Kerberos.framework/Versions/A/Kerberos
0x00007fff2da32000 	/System/Library/Frameworks/GSS.framework/Versions/A/GSS
0x00007fff2d0dd000 	/usr/lib/libresolv.9.dylib
0x00007fff2b978000 	/System/Library/PrivateFrameworks/Heimdal.framework/Versions/A/Heimdal
0x00007fff337a9000 	/System/Library/Frameworks/Kerberos.framework/Versions/A/Libraries/libHeimdalProxy.dylib
0x00007fff26233000 	/System/Library/Frameworks/Network.framework/Versions/A/Network
0x00007fff2b391000 	/usr/lib/libheimdal-asn1.dylib
0x00007fff2da82000 	/System/Library/PrivateFrameworks/CommonAuth.framework/Versions/A/CommonAuth
0x00007fff2757c000 	/System/Library/PrivateFrameworks/login.framework/Versions/A/Frameworks/loginsupport.framework/Versions/A/loginsupport
0x00007fff2cfe6000 	/System/Library/PrivateFrameworks/AudioSession.framework/Versions/A/AudioSession
0x00007fff2d04e000 	/usr/lib/libAudioStatistics.dylib
0x00007fff2b41e000 	/System/Library/PrivateFrameworks/MediaExperience.framework/Versions/A/MediaExperience
0x00007fff2ce83000 	/System/Library/PrivateFrameworks/AudioSession.framework/libSessionUtility.dylib
0x00007fff2da13000 	/usr/lib/libperfcheck.dylib
0x00007fff2d397000 	/System/Library/PrivateFrameworks/AudioResourceArbitration.framework/Versions/A/AudioResourceArbitration
0x00007fff2b39b000 	/System/Library/PrivateFrameworks/IconFoundation.framework/Versions/A/IconFoundation
0x00007fff2feb9000 	/System/Library/PrivateFrameworks/SpeechRecognitionCore.framework/Versions/A/SpeechRecognitionCore
0x00007fff5df4a000 	/System/Library/CoreServices/Encodings/libKoreanConverter.dylib
0x000000010d000000 	/Users/gimmingyun/Library/Java/JavaVirtualMachines/corretto-1.8.0_275/Contents/Home/jre/lib/server/libjvm.dylib
0x0000000108d71000 	/Users/gimmingyun/Library/Java/JavaVirtualMachines/corretto-1.8.0_275/Contents/Home/jre/lib/libverify.dylib
0x0000000108d93000 	/Users/gimmingyun/Library/Java/JavaVirtualMachines/corretto-1.8.0_275/Contents/Home/jre/lib/libjava.dylib
0x0000000108e09000 	/Users/gimmingyun/Library/Java/JavaVirtualMachines/corretto-1.8.0_275/Contents/Home/jre/lib/libjdwp.dylib
0x0000000108e98000 	/Users/gimmingyun/Library/Java/JavaVirtualMachines/corretto-1.8.0_275/Contents/Home/jre/lib/libnpt.dylib
0x0000000108ef6000 	/Users/gimmingyun/Library/Java/JavaVirtualMachines/corretto-1.8.0_275/Contents/Home/jre/lib/libzip.dylib
0x00000001214eb000 	/Users/gimmingyun/Library/Java/JavaVirtualMachines/corretto-1.8.0_275/Contents/Home/jre/lib/libnio.dylib
0x0000000121516000 	/Users/gimmingyun/Library/Java/JavaVirtualMachines/corretto-1.8.0_275/Contents/Home/jre/lib/libnet.dylib
0x0000000121619000 	/Users/gimmingyun/Library/Java/JavaVirtualMachines/corretto-1.8.0_275/Contents/Home/jre/lib/libdt_socket.dylib

VM Arguments:
jvm_args: -Djava.security.manager=worker.org.gradle.process.internal.worker.child.BootstrapSecurityManager -Dorg.gradle.native=false -agentlib:jdwp=transport=dt_socket,server=n,suspend=y,address=49438 -Xmx512m -Dfile.encoding=UTF-8 -Duser.country=KR -Duser.language=ko -Duser.variant -ea 
java_command: worker.org.gradle.process.internal.worker.GradleWorkerMain 'Gradle Test Executor 3'
java_class_path (initial): /Users/gimmingyun/.gradle/caches/6.7/workerMain/gradle-worker.jar
Launcher Type: SUN_STANDARD

Environment Variables:
PATH=/usr/local/bin:/usr/bin:/bin:/usr/sbin:/sbin
SHELL=/bin/zsh

Signal Handlers:
SIGSEGV: [libjvm.dylib+0x5c046b], sa_mask[0]=11111111111111111111111111111111, sa_flags=SA_ONSTACK|SA_RESTART|SA_SIGINFO
SIGBUS: [libjvm.dylib+0x5c046b], sa_mask[0]=11111111111111111111111111111111, sa_flags=SA_RESTART|SA_SIGINFO
SIGFPE: [libjvm.dylib+0x4a2e61], sa_mask[0]=11111111111111111111111111111111, sa_flags=SA_RESTART|SA_SIGINFO
SIGPIPE: [libjvm.dylib+0x4a2e61], sa_mask[0]=11111111111111111111111111111111, sa_flags=SA_RESTART|SA_SIGINFO
SIGXFSZ: [libjvm.dylib+0x4a2e61], sa_mask[0]=11111111111111111111111111111111, sa_flags=SA_RESTART|SA_SIGINFO
SIGILL: [libjvm.dylib+0x4a2e61], sa_mask[0]=11111111111111111111111111111111, sa_flags=SA_RESTART|SA_SIGINFO
SIGUSR1: SIG_DFL, sa_mask[0]=00000000000000000000000000000000, sa_flags=none
SIGUSR2: [libjvm.dylib+0x4a3769], sa_mask[0]=00100000000000000000000000000000, sa_flags=SA_RESTART|SA_SIGINFO
SIGHUP: [libjvm.dylib+0x4a1971], sa_mask[0]=11111111111111111111111111111111, sa_flags=SA_RESTART|SA_SIGINFO
SIGINT: [libjvm.dylib+0x4a1971], sa_mask[0]=11111111111111111111111111111111, sa_flags=SA_RESTART|SA_SIGINFO
SIGTERM: [libjvm.dylib+0x4a1971], sa_mask[0]=11111111111111111111111111111111, sa_flags=SA_RESTART|SA_SIGINFO
SIGQUIT: [libjvm.dylib+0x4a1971], sa_mask[0]=11111111111111111111111111111111, sa_flags=SA_RESTART|SA_SIGINFO


---------------  S Y S T E M  ---------------

OS:Bsduname:Darwin 20.2.0 Darwin Kernel Version 20.2.0: Wed Dec  2 20:40:21 PST 2020; root:xnu-7195.60.75~1/RELEASE_ARM64_T8101 x86_64
rlimit: STACK 8176k, CORE 0k, NPROC 1333, NOFILE 10240, AS infinity
load average:1.17 1.66 1.67

CPU:total 8 (initial active 8) (1 cores per cpu, 1 threads per core) family 6 model 44 stepping 0, cmov, cx8, fxsr, mmx, sse, sse2, sse3, ssse3, sse4.1, sse4.2, popcnt, aes, clmul, tsc, tscinvbit, tscinv

Memory: 4k page, physical 8388608k(64332k free)

/proc/meminfo:


vm_info: OpenJDK 64-Bit Server VM (25.275-b01) for bsd-amd64 JRE (1.8.0_275-b01), built on Nov  5 2020 11:20:11 by "corretto" with gcc 4.2.1 Compatible Apple LLVM 6.1.0 (clang-602.0.53)

time: Tue Mar  2 17:27:05 2021
timezone: KST
elapsed time: 67.275815 seconds (0d 0h 1m 7s)

